app/build/outputs/mapping/release/seeds.txt
app.netlify.pwa_poc_ad.twa.DelegationService: DelegationService()
app.netlify.pwa_poc_ad.twa.DelegationService
app.netlify.pwa_poc_ad.twa.Application: Application()
app.netlify.pwa_poc_ad.twa.LauncherActivity
app.netlify.pwa_poc_ad.twa.LauncherActivity: LauncherActivity()
app.netlify.pwa_poc_ad.twa.Application
...
com.google.androidbrowserhelper.trusted.WebViewFallbackActivity
com.google.androidbrowserhelper.locationdelegation.PermissionRequestActivity: PermissionRequestActivity()
com.google.android.gms.location.LocationResult: android.os.Parcelable$Creator CREATOR
android.support.v4.app.RemoteActionCompatParcelizer
androidx.core.graphics.drawable.IconCompatParcelizer: void write(androidx.core.graphics.drawable.IconCompat,androidx.versionedparcelable.VersionedParcel)
androidx.versionedparcelable.ParcelImpl: android.os.Parcelable$Creator CREATOR
com.google.android.gms.signin.internal.zah: android.os.Parcelable$Creator CREATOR
com.google.android.gms.common.internal.GetServiceRequest: android.os.Parcelable$Creator CREATOR
androidx.fragment.app.BackStackState: android.os.Parcelable$Creator CREATOR
androidx.lifecycle.Lifecycle$Event: androidx.lifecycle.Lifecycle$Event ON_DESTROY
androidx.versionedparcelable.ParcelImpl
androidx.core.content.FileProvider
androidx.lifecycle.Lifecycle$Event: androidx.lifecycle.Lifecycle$Event ON_STOP
com.google.android.gms.location.LocationAvailability: android.os.Parcelable$Creator CREATOR
androidx.loader.app.LoaderManagerImpl$LoaderViewModel: LoaderManagerImpl$LoaderViewModel()
com.google.android.gms.common.internal.ResolveAccountRequest: android.os.Parcelable$Creator CREATOR
androidx.core.app.RemoteActionCompat
com.google.androidbrowserhelper.trusted.WebViewFallbackActivity: WebViewFallbackActivity()
androidx.core.content.FileProvider: FileProvider()
com.google.android.gms.common.internal.ReflectedParcelable
android.support.v4.app.RemoteActionCompatParcelizer: androidx.core.app.RemoteActionCompat read(androidx.versionedparcelable.VersionedParcel)
androidx.core.app.RemoteActionCompat: RemoteActionCompat()
com.google.androidbrowserhelper.trusted.LauncherActivity: LauncherActivity()
com.google.androidbrowserhelper.trusted.FocusActivity
androidx.lifecycle.Lifecycle$Event: androidx.lifecycle.Lifecycle$Event ON_PAUSE
android.support.v4.graphics.drawable.IconCompatParcelizer: androidx.core.graphics.drawable.IconCompat read(androidx.versionedparcelable.VersionedParcel)
androidx.core.graphics.drawable.IconCompatParcelizer
com.google.android.gms.common.Feature: android.os.Parcelable$Creator CREATOR
androidx.lifecycle.Lifecycle$Event: androidx.lifecycle.Lifecycle$Event ON_START
com.google.android.gms.location.zzj: android.os.Parcelable$Creator CREATOR
androidx.browser.browseractions.BrowserActionsFallbackMenuView
androidx.lifecycle.Lifecycle$State: androidx.lifecycle.Lifecycle$State[] values()
androidx.lifecycle.LiveData$LifecycleBoundObserver
androidx.lifecycle.Lifecycle$Event: androidx.lifecycle.Lifecycle$Event ON_ANY
androidx.lifecycle.Lifecycle$Event: androidx.lifecycle.Lifecycle$Event ON_RESUME
com.google.android.gms.location.LocationRequest: android.os.Parcelable$Creator CREATOR
androidx.lifecycle.CompositeGeneratedAdaptersObserver
com.google.android.gms.signin.internal.zaj: android.os.Parcelable$Creator CREATOR
com.google.android.gms.common.internal.ResolveAccountResponse: android.os.Parcelable$Creator CREATOR
androidx.lifecycle.Lifecycle$Event: androidx.lifecycle.Lifecycle$Event valueOf(java.lang.String)
com.google.android.gms.dynamite.DynamiteModule$DynamiteLoaderClassLoader: DynamiteModule$DynamiteLoaderClassLoader()
android.support.v4.app.RemoteActionCompatParcelizer: void write(androidx.core.app.RemoteActionCompat,androidx.versionedparcelable.VersionedParcel)
androidx.loader.app.LoaderManagerImpl$LoaderViewModel
androidx.fragment.app.FragmentManagerState: android.os.Parcelable$Creator CREATOR
com.google.androidbrowserhelper.trusted.FocusActivity: FocusActivity()
com.google.android.gms.common.api.Scope: android.os.Parcelable$Creator CREATOR
androidx.core.graphics.drawable.IconCompatParcelizer: IconCompatParcelizer()
androidx.core.graphics.drawable.IconCompat: IconCompat()
androidx.lifecycle.Lifecycle$State: androidx.lifecycle.Lifecycle$State valueOf(java.lang.String)