app/build/outputs/mapping/release/mapping.txt
# compiler: R8
# compiler_version: 2.1.86
# min_api: 19
# pg_map_id: de35f43
# common_typos_disable
app.netlify.pwa_poc_ad.twa.LauncherActivity -> app.netlify.pwa_poc_ad.twa.LauncherActivity:
    android.net.Uri getLaunchingUrl() -> f
...
com.google.android.gms.common.api.internal.zabb -> com.google.android.gms.common.api.internal.j0:
    com.google.android.gms.common.api.internal.zaaw zahh -> a
com.google.android.gms.common.api.internal.zabc -> com.google.android.gms.common.api.internal.k0:
    java.lang.ref.WeakReference zahm -> a
    void zas() -> a
com.google.android.gms.common.api.internal.zabd -> com.google.android.gms.common.api.internal.l0:
    void onConnectionSuspended(int) -> a
    boolean disconnect() -> c
    void connect() -> d
    void onConnected(android.os.Bundle) -> e
    com.google.android.gms.common.api.internal.BaseImplementation$ApiMethodImpl execute(com.google.android.gms.common.api.internal.BaseImplementation$ApiMethodImpl) -> g
    void zaa(com.google.android.gms.common.ConnectionResult,com.google.android.gms.common.api.Api,boolean) -> h
    void begin() -> i
com.google.android.gms.common.api.internal.zabe -> com.google.android.gms.common.api.internal.m0:
    com.google.android.gms.common.GoogleApiAvailabilityLight zaey -> d
    android.content.Context mContext -> c
    com.google.android.gms.common.api.internal.zabg zaho -> e
    com.google.android.gms.common.api.Api$AbstractClientBuilder zace -> j
    int zahs -> l
    com.google.android.gms.common.api.internal.zabt zaht -> n
    com.google.android.gms.common.internal.ClientSettings zaet -> h
    com.google.android.gms.common.api.internal.zabd zahq -> k
    java.util.concurrent.locks.Condition zahn -> b
    java.util.Map zaew -> i
    com.google.android.gms.common.api.internal.zaaw zaee -> m
    java.util.concurrent.locks.Lock zaeo -> a
    java.util.Map zagz -> f
    java.util.Map zahp -> g
    void onConnectionSuspended(int) -> a
    boolean isConnected() -> b
    void disconnect() -> c
    void connect() -> d
    void onConnected(android.os.Bundle) -> e
    boolean isConnecting() -> f
    com.google.android.gms.common.api.internal.BaseImplementation$ApiMethodImpl execute(com.google.android.gms.common.api.internal.BaseImplementation$ApiMethodImpl) -> g
    void zaa(com.google.android.gms.common.ConnectionResult,com.google.android.gms.common.api.Api,boolean) -> h
    void dump(java.lang.String,java.io.FileDescriptor,java.io.PrintWriter,java.lang.String[]) -> i
    void zaw() -> j
    java.util.concurrent.locks.Lock zaa(com.google.android.gms.common.api.internal.zabe) -> k
com.google.android.gms.common.api.internal.zabf -> com.google.android.gms.common.api.internal.n0:
    com.google.android.gms.common.api.internal.zabd zahu -> a
    void zaan() -> a
    void zac(com.google.android.gms.common.api.internal.zabe) -> b
com.google.android.gms.common.api.internal.zabg -> com.google.android.gms.common.api.internal.o0:
    com.google.android.gms.common.api.internal.zabe zahv -> a
com.google.android.gms.common.api.internal.zabh -> com.google.android.gms.common.api.internal.p0:
    java.util.concurrent.ExecutorService zahw -> a
    java.util.concurrent.ExecutorService zabb() -> a
com.google.android.gms.common.api.internal.zabi -> com.google.android.gms.common.api.internal.q0:
    com.google.android.gms.common.api.internal.GoogleApiManager zaim -> a
    void onBackgroundStateChanged(boolean) -> a
com.google.android.gms.common.api.internal.zabj -> com.google.android.gms.common.api.internal.r0:
    com.google.android.gms.common.api.internal.GoogleApiManager$zaa zaiy -> a
com.google.android.gms.common.api.internal.zabk -> com.google.android.gms.common.api.internal.s0:
    com.google.android.gms.common.api.internal.GoogleApiManager$zaa zaiy -> a
com.google.android.gms.common.api.internal.zabl -> com.google.android.gms.common.api.internal.t0:
    com.google.android.gms.common.ConnectionResult zaiz -> a
    com.google.android.gms.common.api.internal.GoogleApiManager$zaa zaiy -> b
com.google.android.gms.common.api.internal.zabm -> com.google.android.gms.common.api.internal.u0:
    com.google.android.gms.common.api.internal.GoogleApiManager$zaa zaiy -> a
    void onSignOutComplete() -> a