app/build/outputs/mapping/release/usage.txt
app.netlify.pwa_poc_ad.twa.R$attr
app.netlify.pwa_poc_ad.twa.R$mipmap
app.netlify.pwa_poc_ad.twa.R$drawable
app.netlify.pwa_poc_ad.twa.R$styleable
app.netlify.pwa_poc_ad.twa.R$color
app.netlify.pwa_poc_ad.twa.R$raw
app.netlify.pwa_poc_ad.twa.R$layout
app.netlify.pwa_poc_ad.twa.R$string
app.netlify.pwa_poc_ad.twa.R$bool
app.netlify.pwa_poc_ad.twa.R$integer
app.netlify.pwa_poc_ad.twa.R$xml
app.netlify.pwa_poc_ad.twa.R$dimen
app.netlify.pwa_poc_ad.twa.R
app.netlify.pwa_poc_ad.twa.BuildConfig
app.netlify.pwa_poc_ad.twa.R$style
app.netlify.pwa_poc_ad.twa.R$id
...
androidx.fragment.app.FragmentController:
    public androidx.loader.app.LoaderManager getSupportLoaderManager()
    public int getActiveFragmentsCount()
    public java.util.List getActiveFragments(java.util.List)
    public void restoreAllState(android.os.Parcelable,java.util.List)
    public java.util.List retainNonConfig()
    public void dispatchReallyStop()
    public void dispatchDestroyView()
    public void doLoaderStart()
    public void doLoaderStop(boolean)
    public void doLoaderRetain()
    public void doLoaderDestroy()
    public void reportLoaderStart()
    public androidx.collection.SimpleArrayMap retainLoaderNonConfig()
    public void restoreLoaderNonConfig(androidx.collection.SimpleArrayMap)
    public void dumpLoaders(java.lang.String,java.io.FileDescriptor,java.io.PrintWriter,java.lang.String[])
androidx.fragment.R$style
com.google.androidbrowserhelper.trusted.TwaProviderPicker$LaunchMode
androidx.core.database.CursorWindowCompat
com.google.android.gms.common.api.PendingResults$zab
androidx.fragment.app.FragmentStatePagerAdapter
androidx.concurrent.futures.AbstractResolvableFuture$Failure$1
androidx.documentfile.provider.DocumentsContractApi19
com.google.android.gms.common.internal.Objects:
    private void <init>()
androidx.annotation.InspectableProperty$FlagEntry
com.google.android.gms.common.internal.ServiceSpecificExtraArgs
com.google.android.gms.common.api.internal.ListenerHolder:
    public final boolean hasListener()
androidx.core.view.accessibility.AccessibilityNodeInfoCompat$RangeInfoCompat
com.google.android.gms.common.internal.ISignInButtonCreator
com.google.androidbrowserhelper.trusted.TwaProviderPicker:
    public void <init>()
    static void restrictToPackageForTesting(java.lang.String)
    private static final java.lang.String TAG
androidx.core.widget.TextViewCompat$OreoCallback
androidx.core.util.PatternsCompat
com.google.android.gms.common.api.GoogleApiClient:
    public static void dumpAll(java.lang.String,java.io.FileDescriptor,java.io.PrintWriter,java.lang.String[])
    public static java.util.Set getAllClients()
    public com.google.android.gms.common.api.internal.BaseImplementation$ApiMethodImpl enqueue(com.google.android.gms.common.api.internal.BaseImplementation$ApiMethodImpl)
    public com.google.android.gms.common.api.internal.ListenerHolder registerListener(java.lang.Object)
    public boolean hasApi(com.google.android.gms.common.api.Api)
    public abstract boolean hasConnectedApi(com.google.android.gms.common.api.Api)
    public abstract com.google.android.gms.common.ConnectionResult getConnectionResult(com.google.android.gms.common.api.Api)
    public android.content.Context getContext()
    public boolean maybeSignIn(com.google.android.gms.common.api.internal.SignInConnectionListener)
    public void maybeSignOut()
    public abstract com.google.android.gms.common.ConnectionResult blockingConnect()
    public abstract com.google.android.gms.common.ConnectionResult blockingConnect(long,java.util.concurrent.TimeUnit)
    public abstract void reconnect()
    public abstract com.google.android.gms.common.api.PendingResult clearDefaultAccountAndReconnect()
    public abstract void stopAutoManage(androidx.fragment.app.FragmentActivity)
    public abstract void registerConnectionCallbacks(com.google.android.gms.common.api.GoogleApiClient$ConnectionCallbacks)
androidx.core.net.DatagramSocketWrapper
com.google.android.gms.common.AccountPicker
com.google.android.gms.common.internal.LegacyInternalGmsClient
com.google.android.gms.common.SignInButton
androidx.concurrent.futures.AbstractResolvableFuture$Waiter
androidx.asynclayoutinflater.R$string
androidx.core.view.inputmethod.InputConnectionCompat
com.google.android.gms.common.api.internal.IStatusCallback$Stub
com.google.android.gms.actions.ReserveIntents
androidx.slidingpanelayout.R$dimen